[2016-10-05 16:14:36] my_logger.INFO: published page [] []
[2016-10-05 16:14:36] my_logger.INFO: tpl_facpaths2.html [] []
[2016-10-05 16:14:37] my_logger.INFO: published page [] []
[2016-10-05 16:14:37] my_logger.INFO: tpl_facpaths2.html [] []
[2016-10-05 16:14:37] my_logger.INFO: dataset [] []
[2016-10-05 16:14:37] my_logger.INFO: sankey/newsankeydata/East_Bay_migrations_ftf.json [] []
[2016-10-05 16:14:37] my_logger.INFO: _dir_: C:\Users\creeser\Projects\dash2\src\public/../data [] []
[2016-10-05 16:14:37] my_logger.INFO: dataset [] []
[2016-10-05 16:14:37] my_logger.INFO: sankey/newsankeydata/East_Bay_migrations_ftf.json [] []
[2016-10-05 16:14:37] my_logger.INFO: dataset [] []
[2016-10-05 16:14:37] my_logger.INFO: sankey/newsankeydata/East_Bay_migrations_ftf.json [] []
[2016-10-05 16:14:37] my_logger.INFO: _dir_: C:\Users\creeser\Projects\dash2\src\public/../data [] []
[2016-10-05 16:14:37] my_logger.INFO: dataset [] []
[2016-10-05 16:14:37] my_logger.INFO: sankey/newsankeydata/East_Bay_migrations_ftf.json [] []
[2016-10-05 16:14:37] my_logger.INFO: dataset [] []
[2016-10-05 16:14:37] my_logger.INFO: sankey/newsankeydata/East_Bay_migrations_ftf.json [] []
[2016-10-05 16:14:37] my_logger.INFO: _dir_: C:\Users\creeser\Projects\dash2\src\public/../data [] []
[2016-10-05 16:14:37] my_logger.INFO: dataset [] []
[2016-10-05 16:14:37] my_logger.INFO: sankey/newsankeydata/East_Bay_migrations_ftf.json [] []
[2016-10-05 16:15:59] my_logger.INFO: published page [] []
[2016-10-05 16:15:59] my_logger.INFO: tpl_peers2.html [] []
[2016-10-05 16:15:59] my_logger.INFO: published page [] []
[2016-10-05 16:15:59] my_logger.INFO: tpl_peers2.html [] []
[2016-10-05 16:16:00] my_logger.INFO: dataset [] []
[2016-10-05 16:16:00] my_logger.INFO: GR6yr/Bakersfield_6yrGR.json [] []
[2016-10-05 16:16:00] my_logger.INFO: _dir_: C:\Users\creeser\Projects\dash2\src\public/../data [] []
[2016-10-05 16:16:00] my_logger.INFO: dataset [] []
[2016-10-05 16:16:00] my_logger.INFO: GR6yr/Bakersfield_6yrGR.json [] []
[2016-10-05 16:16:00] my_logger.INFO: dataset [] []
[2016-10-05 16:16:00] my_logger.INFO: GR6yr/Bakersfield_6yrGR.json [] []
[2016-10-05 16:16:00] my_logger.INFO: _dir_: C:\Users\creeser\Projects\dash2\src\public/../data [] []
[2016-10-05 16:16:00] my_logger.INFO: dataset [] []
[2016-10-05 16:16:00] my_logger.INFO: GR6yr/Bakersfield_6yrGR.json [] []
[2016-10-05 16:16:00] my_logger.INFO: dataset [] []
[2016-10-05 16:16:00] my_logger.INFO: GR6yr/Bakersfield_6yrGR.json [] []
[2016-10-05 16:16:00] my_logger.INFO: _dir_: C:\Users\creeser\Projects\dash2\src\public/../data [] []
[2016-10-05 16:16:00] my_logger.INFO: dataset [] []
[2016-10-05 16:16:00] my_logger.INFO: GR6yr/Bakersfield_6yrGR.json [] []
[2016-10-05 16:20:10] my_logger.INFO: published page [] []
[2016-10-05 16:20:10] my_logger.INFO: tpl_peers2.html [] []
[2016-10-05 16:20:10] my_logger.INFO: dataset [] []
[2016-10-05 16:20:10] my_logger.INFO: GR6yr/Bakersfield_6yrGR.json [] []
[2016-10-05 16:20:10] my_logger.INFO: _dir_: C:\Users\creeser\Projects\dash2\src\source/../data [] []
[2016-10-05 16:20:10] my_logger.INFO: dataset [] []
[2016-10-05 16:20:10] my_logger.INFO: peer_campus_urls.json [] []
[2016-10-05 16:20:10] my_logger.INFO: _dir_: C:\Users\creeser\Projects\dash2\src\source/../data [] []
[2016-10-05 16:20:11] my_logger.INFO: dataset [] []
[2016-10-05 16:20:11] my_logger.INFO: GRtables/Bakersfield_2008_briefplus.json [] []
[2016-10-05 16:20:11] my_logger.INFO: _dir_: C:\Users\creeser\Projects\dash2\src\source/../data [] []
[2016-10-05 16:20:16] my_logger.INFO: published page [] []
[2016-10-05 16:20:16] my_logger.INFO: tpl_facpaths2.html [] []
[2016-10-05 16:20:17] my_logger.INFO: dataset [] []
[2016-10-05 16:20:17] my_logger.INFO: sankey/newsankeydata/East_Bay_migrations_ftf.json [] []
[2016-10-05 16:20:17] my_logger.INFO: _dir_: C:\Users\creeser\Projects\dash2\src\source/../data [] []
[2016-10-05 16:31:47] my_logger.INFO: published page [] []
[2016-10-05 16:31:47] my_logger.INFO: tpl_facpaths2.html [] []
[2016-10-05 16:31:48] my_logger.INFO: dataset [] []
[2016-10-05 16:31:48] my_logger.INFO: sankey/newsankeydata/East_Bay_migrations_ftf.json [] []
[2016-10-05 16:31:48] my_logger.INFO: _dir_: C:\Users\creeser\Projects\dash2\src\source/../data [] []
[2016-10-05 16:31:55] my_logger.INFO: published page [] []
[2016-10-05 16:31:55] my_logger.INFO: tpl_peers2.html [] []
[2016-10-05 16:31:56] my_logger.INFO: dataset [] []
[2016-10-05 16:31:56] my_logger.INFO: GR6yr/Bakersfield_6yrGR.json [] []
[2016-10-05 16:31:56] my_logger.INFO: _dir_: C:\Users\creeser\Projects\dash2\src\source/../data [] []
[2016-10-05 16:31:56] my_logger.INFO: dataset [] []
[2016-10-05 16:31:56] my_logger.INFO: peer_campus_urls.json [] []
[2016-10-05 16:31:56] my_logger.INFO: _dir_: C:\Users\creeser\Projects\dash2\src\source/../data [] []
[2016-10-05 16:31:56] my_logger.INFO: dataset [] []
[2016-10-05 16:31:56] my_logger.INFO: GRtables/Bakersfield_2008_briefplus.json [] []
[2016-10-05 16:31:56] my_logger.INFO: _dir_: C:\Users\creeser\Projects\dash2\src\source/../data [] []
[2016-10-05 16:31:58] my_logger.INFO: published page [] []
[2016-10-05 16:31:58] my_logger.INFO: tpl_peers2.html [] []
[2016-10-05 16:31:59] my_logger.INFO: dataset [] []
[2016-10-05 16:31:59] my_logger.INFO: bublin_campus_6yr_ftf.json [] []
[2016-10-05 16:31:59] my_logger.INFO: _dir_: C:\Users\creeser\Projects\dash2\src\source/../data [] []
[2016-10-05 16:31:59] my_logger.INFO: dataset [] []
[2016-10-05 16:31:59] my_logger.INFO: bublin_campus_6yr_ftf.json [] []
[2016-10-05 16:31:59] my_logger.INFO: _dir_: C:\Users\creeser\Projects\dash2\src\source/../data [] []
[2016-10-05 16:32:01] my_logger.INFO: published page [] []
[2016-10-05 16:32:01] my_logger.INFO: tpl_facpaths2.html [] []
[2016-10-05 16:32:02] my_logger.INFO: dataset [] []
[2016-10-05 16:32:02] my_logger.INFO: sankey/newsankeydata/East_Bay_migrations_ftf.json [] []
[2016-10-05 16:32:02] my_logger.INFO: _dir_: C:\Users\creeser\Projects\dash2\src\source/../data [] []
[2016-10-05 17:21:31] my_logger.INFO: published page [] []
[2016-10-05 17:21:31] my_logger.INFO: tpl_facpaths2.html [] []
[2016-10-05 17:21:32] my_logger.INFO: dataset [] []
[2016-10-05 17:21:32] my_logger.INFO: sankey/newsankeydata/East_Bay_migrations_ftf.json [] []
[2016-10-05 17:21:32] my_logger.INFO: _dir_: C:\Users\creeser\Projects\dash2\src\source/../data [] []
[2016-10-05 17:28:10] my_logger.INFO: published page [] []
[2016-10-05 17:28:10] my_logger.INFO: tpl_facpaths2.html [] []
[2016-10-05 17:28:11] my_logger.INFO: dataset [] []
[2016-10-05 17:28:11] my_logger.INFO: sankey/newsankeydata/East_Bay_migrations_ftf.json [] []
[2016-10-05 17:28:11] my_logger.INFO: _dir_: C:\Users\creeser\Projects\dash2\src\source/../data [] []
[2016-10-05 17:28:17] my_logger.INFO: published page [] []
[2016-10-05 17:28:17] my_logger.INFO: tpl_peers2.html [] []
[2016-10-05 17:28:17] my_logger.INFO: dataset [] []
[2016-10-05 17:28:17] my_logger.INFO: bublin_campus_6yr_ftf.json [] []
[2016-10-05 17:28:17] my_logger.INFO: _dir_: C:\Users\creeser\Projects\dash2\src\source/../data [] []
[2016-10-05 17:28:17] my_logger.INFO: dataset [] []
[2016-10-05 17:28:17] my_logger.INFO: bublin_campus_6yr_ftf.json [] []
[2016-10-05 17:28:18] my_logger.INFO: _dir_: C:\Users\creeser\Projects\dash2\src\source/../data [] []
[2016-10-05 17:28:20] my_logger.INFO: published page [] []
[2016-10-05 17:28:20] my_logger.INFO: tpl_peers2.html [] []
[2016-10-05 17:28:20] my_logger.INFO: dataset [] []
[2016-10-05 17:28:20] my_logger.INFO: GR6yr/Bakersfield_6yrGR.json [] []
[2016-10-05 17:28:20] my_logger.INFO: _dir_: C:\Users\creeser\Projects\dash2\src\source/../data [] []
[2016-10-05 17:28:20] my_logger.INFO: dataset [] []
[2016-10-05 17:28:20] my_logger.INFO: peer_campus_urls.json [] []
[2016-10-05 17:28:20] my_logger.INFO: _dir_: C:\Users\creeser\Projects\dash2\src\source/../data [] []
[2016-10-05 17:28:21] my_logger.INFO: dataset [] []
[2016-10-05 17:28:21] my_logger.INFO: GRtables/Bakersfield_2008_briefplus.json [] []
[2016-10-05 17:28:21] my_logger.INFO: _dir_: C:\Users\creeser\Projects\dash2\src\source/../data [] []
[2016-10-05 17:31:49] my_logger.INFO: published page [] []
[2016-10-05 17:31:49] my_logger.INFO: tpl_peers2.html [] []
[2016-10-05 17:31:49] my_logger.INFO: dataset [] []
[2016-10-05 17:31:49] my_logger.INFO: GR6yr/Bakersfield_6yrGR.json [] []
[2016-10-05 17:31:49] my_logger.INFO: _dir_: C:\Users\creeser\Projects\dash2\src\source/../data [] []
[2016-10-05 17:31:49] my_logger.INFO: dataset [] []
[2016-10-05 17:31:49] my_logger.INFO: peer_campus_urls.json [] []
[2016-10-05 17:31:50] my_logger.INFO: _dir_: C:\Users\creeser\Projects\dash2\src\source/../data [] []
[2016-10-05 17:31:50] my_logger.INFO: dataset [] []
[2016-10-05 17:31:50] my_logger.INFO: GRtables/Bakersfield_2008_briefplus.json [] []
[2016-10-05 17:31:50] my_logger.INFO: _dir_: C:\Users\creeser\Projects\dash2\src\source/../data [] []
[2016-10-05 17:31:54] my_logger.INFO: get /edit/csu-peer-benchmarking [] []
[2016-10-05 17:31:55] my_logger.INFO: dataset [] []
[2016-10-05 17:31:55] my_logger.INFO: GR6yr/Bakersfield_6yrGR.json [] []
[2016-10-05 17:31:55] my_logger.INFO: _dir_: C:\Users\creeser\Projects\dash2\src\source/../data [] []
[2016-10-05 17:31:55] my_logger.INFO: dataset [] []
[2016-10-05 17:31:55] my_logger.INFO: peer_campus_urls.json [] []
[2016-10-05 17:31:55] my_logger.INFO: _dir_: C:\Users\creeser\Projects\dash2\src\source/../data [] []
[2016-10-05 17:31:56] my_logger.INFO: dataset [] []
[2016-10-05 17:31:56] my_logger.INFO: GRtables/Bakersfield_2008_briefplus.json [] []
[2016-10-05 17:31:56] my_logger.INFO: _dir_: C:\Users\creeser\Projects\dash2\src\source/../data [] []
[2016-10-05 17:32:08] my_logger.INFO: dataset [] []
[2016-10-05 17:32:08] my_logger.INFO: peer_campus_urls.json [] []
[2016-10-05 17:32:08] my_logger.INFO: _dir_: C:\Users\creeser\Projects\dash2\src\source/../data [] []
[2016-10-05 17:32:08] my_logger.INFO: dataset [] []
[2016-10-05 17:32:08] my_logger.INFO: GRtables/Bakersfield_2008_briefplus.json [] []
[2016-10-05 17:32:09] my_logger.INFO: _dir_: C:\Users\creeser\Projects\dash2\src\source/../data [] []
[2016-10-05 18:47:46] my_logger.INFO: published page [] []
[2016-10-05 18:47:46] my_logger.INFO: tpl_peers2.html [] []
[2016-10-05 18:47:47] my_logger.INFO: dataset [] []
[2016-10-05 18:47:47] my_logger.INFO: GR6yr/Bakersfield_6yrGR.json [] []
[2016-10-05 18:47:47] my_logger.INFO: _dir_: C:\Users\creeser\Projects\dash2\src\source/../data [] []
[2016-10-05 18:47:47] my_logger.INFO: dataset [] []
[2016-10-05 18:47:47] my_logger.INFO: peer_campus_urls.json [] []
[2016-10-05 18:47:47] my_logger.INFO: _dir_: C:\Users\creeser\Projects\dash2\src\source/../data [] []
[2016-10-05 18:47:47] my_logger.INFO: dataset [] []
[2016-10-05 18:47:47] my_logger.INFO: GRtables/Bakersfield_2008_briefplus.json [] []
[2016-10-05 18:47:47] my_logger.INFO: _dir_: C:\Users\creeser\Projects\dash2\src\source/../data [] []
[2016-10-05 19:53:34] my_logger.INFO: published page [] []
[2016-10-05 19:53:34] my_logger.INFO: tpl_peers2.html [] []
[2016-10-05 19:53:35] my_logger.INFO: dataset [] []
[2016-10-05 19:53:35] my_logger.INFO: bublin_campus_6yr_ftf.json [] []
[2016-10-05 19:53:35] my_logger.INFO: _dir_: C:\Users\creeser\Projects\dash2\app\source/../data [] []
[2016-10-05 19:53:35] my_logger.INFO: dataset [] []
[2016-10-05 19:53:35] my_logger.INFO: bublin_campus_6yr_ftf.json [] []
[2016-10-05 19:53:35] my_logger.INFO: _dir_: C:\Users\creeser\Projects\dash2\app\source/../data [] []
[2016-10-05 19:53:38] my_logger.INFO: published page [] []
[2016-10-05 19:53:38] my_logger.INFO: tpl_peers2.html [] []
[2016-10-05 19:53:38] my_logger.INFO: dataset [] []
[2016-10-05 19:53:38] my_logger.INFO: GR6yr/Bakersfield_6yrGR.json [] []
[2016-10-05 19:53:38] my_logger.INFO: _dir_: C:\Users\creeser\Projects\dash2\app\source/../data [] []
[2016-10-05 19:53:39] my_logger.INFO: dataset [] []
[2016-10-05 19:53:39] my_logger.INFO: peer_campus_urls.json [] []
[2016-10-05 19:53:39] my_logger.INFO: _dir_: C:\Users\creeser\Projects\dash2\app\source/../data [] []
[2016-10-05 19:53:39] my_logger.INFO: dataset [] []
[2016-10-05 19:53:39] my_logger.INFO: GRtables/Bakersfield_2008_briefplus.json [] []
[2016-10-05 19:53:39] my_logger.INFO: _dir_: C:\Users\creeser\Projects\dash2\app\source/../data [] []
[2016-10-05 19:53:42] my_logger.INFO: published page [] []
[2016-10-05 19:53:42] my_logger.INFO: tpl_facpaths2.html [] []
[2016-10-05 19:53:42] my_logger.INFO: dataset [] []
[2016-10-05 19:53:42] my_logger.INFO: sankey/newsankeydata/East_Bay_migrations_ftf.json [] []
[2016-10-05 19:53:42] my_logger.INFO: _dir_: C:\Users\creeser\Projects\dash2\app\source/../data [] []
