[2016-10-05 00:22:13] my_logger.INFO: published page [] []
[2016-10-05 00:22:13] my_logger.INFO: tpl_facpaths2.html [] []
[2016-10-05 00:22:14] my_logger.INFO: dataset [] []
[2016-10-05 00:22:14] my_logger.INFO: sankey/newsankeydata/East_Bay_migrations_ftf.json [] []
[2016-10-05 00:22:14] my_logger.INFO: _dir_: C:\Users\creeser\Projects\dash2\src\public/../data [] []
[2016-10-05 00:22:21] my_logger.INFO: published page [] []
[2016-10-05 00:22:21] my_logger.INFO: tpl_facpaths2.html [] []
[2016-10-05 00:22:21] my_logger.INFO: dataset [] []
[2016-10-05 00:22:21] my_logger.INFO: sankey/newsankeydata/East_Bay_migrations_ftf.json [] []
[2016-10-05 00:22:21] my_logger.INFO: _dir_: C:\Users\creeser\Projects\dash2\src\public/../data [] []
[2016-10-05 00:22:31] my_logger.INFO: published page [] []
[2016-10-05 00:22:31] my_logger.INFO: tpl_peers2.html [] []
[2016-10-05 00:22:32] my_logger.INFO: dataset [] []
[2016-10-05 00:22:32] my_logger.INFO: GR6yr/Bakersfield_6yrGR.json [] []
[2016-10-05 00:22:32] my_logger.INFO: _dir_: C:\Users\creeser\Projects\dash2\src\public/../data [] []
[2016-10-05 00:22:32] my_logger.INFO: dataset [] []
[2016-10-05 00:22:32] my_logger.INFO: peer_campus_urls.json [] []
[2016-10-05 00:22:32] my_logger.INFO: _dir_: C:\Users\creeser\Projects\dash2\src\public/../data [] []
[2016-10-05 00:22:32] my_logger.INFO: dataset [] []
[2016-10-05 00:22:32] my_logger.INFO: GRtables/Bakersfield_2008_briefplus.json [] []
[2016-10-05 00:22:32] my_logger.INFO: _dir_: C:\Users\creeser\Projects\dash2\src\public/../data [] []
[2016-10-05 00:22:36] my_logger.INFO: dataset [] []
[2016-10-05 00:22:36] my_logger.INFO: dataset [] []
[2016-10-05 00:22:36] my_logger.INFO: GRtables/Bakersfield_2008_briefplus.json [] []
[2016-10-05 00:22:36] my_logger.INFO: GR6yr/Bakersfield_6yrGR.json [] []
[2016-10-05 00:22:36] my_logger.INFO: _dir_: C:\Users\creeser\Projects\dash2\src\public/../data [] []
[2016-10-05 00:22:36] my_logger.INFO: _dir_: C:\Users\creeser\Projects\dash2\src\public/../data [] []
[2016-10-05 00:23:52] my_logger.INFO: published page [] []
[2016-10-05 00:23:52] my_logger.INFO: tpl_peers2.html [] []
[2016-10-05 00:23:52] my_logger.INFO: dataset [] []
[2016-10-05 00:23:52] my_logger.INFO: GR6yr/Bakersfield_6yrGR.json [] []
[2016-10-05 00:23:52] my_logger.INFO: _dir_: C:\Users\creeser\Projects\dash2\src\public/../data [] []
[2016-10-05 00:23:53] my_logger.INFO: dataset [] []
[2016-10-05 00:23:53] my_logger.INFO: peer_campus_urls.json [] []
[2016-10-05 00:23:53] my_logger.INFO: _dir_: C:\Users\creeser\Projects\dash2\src\public/../data [] []
[2016-10-05 00:23:53] my_logger.INFO: dataset [] []
[2016-10-05 00:23:53] my_logger.INFO: GRtables/Bakersfield_2008_briefplus.json [] []
[2016-10-05 00:23:53] my_logger.INFO: _dir_: C:\Users\creeser\Projects\dash2\src\public/../data [] []
[2016-10-05 00:40:27] my_logger.INFO: published page [] []
[2016-10-05 00:40:27] my_logger.INFO: tpl_peers2.html [] []
[2016-10-05 00:40:28] my_logger.INFO: dataset [] []
[2016-10-05 00:40:28] my_logger.INFO: GR6yr/Bakersfield_6yrGR.json [] []
[2016-10-05 00:40:28] my_logger.INFO: _dir_: C:\Users\creeser\Projects\dash2\src\public/../data [] []
[2016-10-05 00:40:28] my_logger.INFO: dataset [] []
[2016-10-05 00:40:28] my_logger.INFO: peer_campus_urls.json [] []
[2016-10-05 00:40:28] my_logger.INFO: _dir_: C:\Users\creeser\Projects\dash2\src\public/../data [] []
[2016-10-05 00:40:29] my_logger.INFO: dataset [] []
[2016-10-05 00:40:29] my_logger.INFO: GRtables/Bakersfield_2008_briefplus.json [] []
[2016-10-05 00:40:29] my_logger.INFO: _dir_: C:\Users\creeser\Projects\dash2\src\public/../data [] []
[2016-10-05 00:45:29] my_logger.INFO: published page [] []
[2016-10-05 00:45:29] my_logger.INFO: tpl_peers2.html [] []
[2016-10-05 00:45:30] my_logger.INFO: dataset [] []
[2016-10-05 00:45:30] my_logger.INFO: GR6yr/Bakersfield_6yrGR.json [] []
[2016-10-05 00:45:30] my_logger.INFO: _dir_: C:\Users\creeser\Projects\dash2\src\public/../data [] []
[2016-10-05 00:45:30] my_logger.INFO: dataset [] []
[2016-10-05 00:45:30] my_logger.INFO: peer_campus_urls.json [] []
[2016-10-05 00:45:30] my_logger.INFO: _dir_: C:\Users\creeser\Projects\dash2\src\public/../data [] []
[2016-10-05 00:45:31] my_logger.INFO: dataset [] []
[2016-10-05 00:45:31] my_logger.INFO: GRtables/Bakersfield_2008_briefplus.json [] []
[2016-10-05 00:45:31] my_logger.INFO: _dir_: C:\Users\creeser\Projects\dash2\src\public/../data [] []
[2016-10-05 15:19:41] my_logger.INFO: dataset [] []
[2016-10-05 15:19:41] my_logger.INFO: GRtables/Bakersfield_2008_briefplus.json [] []
[2016-10-05 15:19:42] my_logger.INFO: _dir_: C:\Users\creeser\Projects\dash2\src\public/../data [] []
[2016-10-05 15:45:25] my_logger.INFO: published page [] []
[2016-10-05 15:45:25] my_logger.INFO: tpl_facpaths2.html [] []
[2016-10-05 15:45:25] my_logger.INFO: dataset [] []
[2016-10-05 15:45:25] my_logger.INFO: sankey/newsankeydata/East_Bay_migrations_ftf.json [] []
[2016-10-05 15:45:25] my_logger.INFO: _dir_: C:\Users\creeser\Projects\dash2\src\public/../data [] []
